cpu_usage 69.91
memory_usage 44.29
disk_usage 56.38
network_in 235.33
network_out 204.94
load_average 2.33
cpu_usage 35.16
memory_usage 62.19
disk_usage 67.77
network_in 791.60
network_out 997.20
load_average 1.36
cpu_usage 83.95
memory_usage 51.36
disk_usage 52.16
network_in 762.71
network_out 649.98
load_average 3.44
cpu_usage 60.82
memory_usage 65.50
disk_usage 69.95
network_in 717.21
network_out 492.25
load_average 1.71
cpu_usage 78.27
memory_usage 46.57
disk_usage 73.74
network_in 202.63
network_out 521.22
load_average 1.01
cpu_usage 94.38
memory_usage 55.11
disk_usage 75.04
network_in 374.81
network_out 765.68
load_average 0.67
cpu_usage 28.98
memory_usage 60.29
disk_usage 74.39
network_in 996.51
network_out 251.07
load_average 1.25
cpu_usage 50.66
memory_usage 73.34
disk_usage 75.01
network_in 387.46
network_out 362.92
load_average 0.87
cpu_usage 63.86
memory_usage 42.07
disk_usage 68.94
network_in 799.31
network_out 954.29
load_average 2.55
cpu_usage 78.88
memory_usage 48.72
disk_usage 83.90
network_in 738.39
network_out 913.19
load_average 3.88
cpu_usage 39.38
memory_usage 70.17
disk_usage 57.39
network_in 165.55
network_out 694.01
load_average 2.10
cpu_usage 82.44
memory_usage 89.34
disk_usage 54.87
network_in 262.59
network_out 543.52
load_average 0.84
cpu_usage 69.30
memory_usage 78.17
disk_usage 57.61
network_in 412.59
network_out 513.98
load_average 2.85
cpu_usage 82.79
memory_usage 80.40
disk_usage 54.30
network_in 357.11
network_out 346.42
load_average 0.15
cpu_usage 64.03
memory_usage 71.32
disk_usage 83.83
network_in 669.07
network_out 847.66
load_average 3.00
cpu_usage 80.21
memory_usage 57.02
disk_usage 55.41
network_in 430.31
network_out 515.13
load_average 1.78
cpu_usage 55.00
memory_usage 72.51
disk_usage 60.74
network_in 586.80
network_out 488.78
load_average 1.06
cpu_usage 66.40
memory_usage 43.05
disk_usage 75.17
network_in 264.92
network_out 985.29
load_average 1.63
cpu_usage 49.98
memory_usage 50.69
disk_usage 73.11
network_in 352.73
network_out 973.29
load_average 2.72
cpu_usage 80.56
memory_usage 77.99
disk_usage 54.53
network_in 123.50
network_out 192.97
load_average 0.86
cpu_usage 23.45
memory_usage 51.60
disk_usage 75.64
network_in 917.91
network_out 991.33
load_average 3.72
cpu_usage 54.59
memory_usage 66.15
disk_usage 80.20
network_in 366.73
network_out 884.30
load_average 3.42
cpu_usage 57.48
memory_usage 70.74
disk_usage 57.32
network_in 957.79
network_out 707.83
load_average 0.55
cpu_usage 29.25
memory_usage 42.56
disk_usage 80.08
network_in 816.72
network_out 169.91
load_average 0.86
cpu_usage 73.39
memory_usage 51.64
disk_usage 60.03
network_in 355.03
network_out 870.66
load_average 2.66
cpu_usage 71.86
memory_usage 76.98
disk_usage 60.46
network_in 729.04
network_out 473.15
load_average 1.80
cpu_usage 37.88
memory_usage 83.11
disk_usage 79.02
network_in 572.54
network_out 979.15
load_average 3.81
cpu_usage 66.85
memory_usage 58.47
disk_usage 65.58
network_in 660.35
network_out 458.96
load_average 2.90
