cpu_usage 22.51
memory_usage 79.65
disk_usage 77.50
network_in 433.02
network_out 845.07
load_average 0.68
cpu_usage 42.31
memory_usage 60.23
disk_usage 75.86
network_in 394.39
network_out 218.56
load_average 3.81
cpu_usage 45.66
memory_usage 70.32
disk_usage 52.89
network_in 179.48
network_out 392.00
load_average 3.53
cpu_usage 42.92
memory_usage 46.21
disk_usage 78.40
network_in 224.96
network_out 161.71
load_average 1.75
cpu_usage 37.83
memory_usage 71.89
disk_usage 58.26
network_in 231.84
network_out 612.01
load_average 3.39
cpu_usage 83.41
memory_usage 61.75
disk_usage 58.74
network_in 759.81
network_out 319.64
load_average 1.75
