cpu_usage 70.72
memory_usage 79.82
disk_usage 65.55
network_in 109.36
network_out 958.46
load_average 2.91
cpu_usage 57.53
memory_usage 73.08
disk_usage 63.88
network_in 237.34
network_out 571.54
load_average 2.31
cpu_usage 72.03
memory_usage 76.15
disk_usage 61.16
network_in 100.01
network_out 709.93
load_average 3.71
cpu_usage 79.79
memory_usage 82.58
disk_usage 76.88
network_in 978.83
network_out 189.93
load_average 2.07
cpu_usage 39.24
memory_usage 68.00
disk_usage 57.07
network_in 268.54
network_out 544.00
load_average 1.19
cpu_usage 20.57
memory_usage 79.53
disk_usage 81.42
network_in 336.12
network_out 472.71
load_average 2.42
cpu_usage 29.69
memory_usage 68.78
disk_usage 82.68
network_in 336.75
network_out 638.76
load_average 1.76
cpu_usage 32.13
memory_usage 80.62
disk_usage 53.99
network_in 729.98
network_out 885.56
load_average 2.37
cpu_usage 69.63
memory_usage 60.81
disk_usage 61.74
network_in 384.55
network_out 970.59
load_average 1.08
cpu_usage 35.47
memory_usage 67.07
disk_usage 70.49
network_in 324.53
network_out 830.40
load_average 2.82
cpu_usage 30.52
memory_usage 83.95
disk_usage 73.93
network_in 290.31
network_out 541.24
load_average 2.77
cpu_usage 69.80
memory_usage 51.43
disk_usage 69.24
network_in 830.46
network_out 685.04
load_average 2.97
cpu_usage 62.19
memory_usage 45.59
disk_usage 66.56
network_in 387.68
network_out 361.49
load_average 2.94
cpu_usage 35.00
memory_usage 86.87
disk_usage 55.65
network_in 432.66
network_out 513.85
load_average 0.66
cpu_usage 57.72
memory_usage 81.52
disk_usage 80.43
network_in 612.20
network_out 753.48
load_average 1.82
cpu_usage 20.51
memory_usage 54.96
disk_usage 57.51
network_in 630.65
network_out 426.49
load_average 2.81
cpu_usage 31.12
memory_usage 81.32
disk_usage 72.36
network_in 198.60
network_out 498.81
load_average 2.72
cpu_usage 68.32
memory_usage 77.19
disk_usage 71.56
network_in 784.72
network_out 543.69
load_average 1.61
cpu_usage 93.89
memory_usage 61.51
disk_usage 73.06
network_in 342.14
network_out 471.35
load_average 2.71
cpu_usage 59.71
memory_usage 48.92
disk_usage 73.21
network_in 468.88
network_out 311.45
load_average 3.32
cpu_usage 54.76
memory_usage 81.53
disk_usage 80.71
network_in 369.41
network_out 684.71
load_average 3.53
cpu_usage 39.07
memory_usage 74.30
disk_usage 84.46
network_in 546.46
network_out 418.65
load_average 3.01
cpu_usage 47.67
memory_usage 82.75
disk_usage 80.29
network_in 673.94
network_out 284.74
load_average 0.43
cpu_usage 60.22
memory_usage 85.70
disk_usage 53.93
network_in 693.90
network_out 777.75
load_average 3.96
cpu_usage 23.90
memory_usage 47.42
disk_usage 51.96
network_in 488.82
network_out 689.63
load_average 1.46
cpu_usage 25.60
memory_usage 68.57
disk_usage 76.12
network_in 353.72
network_out 751.75
load_average 1.95
cpu_usage 80.76
memory_usage 63.62
disk_usage 83.00
network_in 504.85
network_out 249.83
load_average 2.63
cpu_usage 90.59
memory_usage 78.64
disk_usage 74.64
network_in 911.88
network_out 442.52
load_average 3.55
cpu_usage 75.34
memory_usage 74.09
disk_usage 82.93
network_in 397.85
network_out 334.94
load_average 2.04
cpu_usage 21.16
memory_usage 60.86
disk_usage 64.93
network_in 582.55
network_out 999.48
load_average 2.08
cpu_usage 76.49
memory_usage 43.07
disk_usage 59.57
network_in 298.23
network_out 258.19
load_average 3.45
cpu_usage 62.96
memory_usage 63.47
disk_usage 64.13
network_in 745.90
network_out 762.40
load_average 3.18
cpu_usage 31.97
memory_usage 87.13
disk_usage 57.62
network_in 377.73
network_out 650.39
load_average 2.19
cpu_usage 29.30
memory_usage 83.53
disk_usage 55.64
network_in 461.62
network_out 668.13
load_average 2.85
cpu_usage 30.80
memory_usage 84.81
disk_usage 83.85
network_in 458.26
network_out 531.94
load_average 2.51
cpu_usage 58.89
memory_usage 78.82
disk_usage 84.21
network_in 770.52
network_out 901.83
load_average 2.79
cpu_usage 88.71
memory_usage 53.93
disk_usage 72.32
network_in 412.40
network_out 322.12
load_average 0.87
cpu_usage 74.97
memory_usage 69.32
disk_usage 62.70
network_in 651.83
network_out 556.75
load_average 2.49
cpu_usage 43.62
memory_usage 78.05
disk_usage 73.76
network_in 308.64
network_out 292.71
load_average 3.55
cpu_usage 39.22
memory_usage 78.48
disk_usage 56.40
network_in 491.35
network_out 397.62
load_average 1.35
cpu_usage 30.83
memory_usage 64.52
disk_usage 63.46
network_in 359.78
network_out 231.12
load_average 2.88
